Watching for file changes with StatReloader
"GET / HTTP/1.1" 200 12
"GET /one HTTP/1.1" 301 0
"GET /one/ HTTP/1.1" 200 10
"GET /two HTTP/1.1" 301 0
"GET /two/ HTTP/1.1" 200 1
"GET /three HTTP/1.1" 301 0
"GET /three/ HTTP/1.1" 200 2
Watching for file changes with StatReloader
Watching for file changes with StatReloader
Watching for file changes with StatReloader
C:\Users\User\PycharmProjects\pythonProject\FrameworkDjango\venv\Lib\site-packages\models\__init__.py changed, reloading.
Watching for file changes with StatReloader
Watching for file changes with StatReloader
Watching for file changes with StatReloader
Watching for file changes with StatReloader
Watching for file changes with StatReloader
Watching for file changes with StatReloader
Watching for file changes with StatReloader
Watching for file changes with StatReloader
C:\Users\User\PycharmProjects\pythonProject\FrameworkDjango\practice\myapp1_sem2\views.py changed, reloading.
Watching for file changes with StatReloader
Watching for file changes with StatReloader
Watching for file changes with StatReloader
Watching for file changes with StatReloader
Watching for file changes with StatReloader
Watching for file changes with StatReloader
Watching for file changes with StatReloader
Watching for file changes with StatReloader
C:\Users\User\PycharmProjects\pythonProject\FrameworkDjango\practice\myapp1_sem2\models.py changed, reloading.
Watching for file changes with StatReloader
Watching for file changes with StatReloader
